c:\dev\graphics\glutempty\glutempty\glutempty\debug\vc142.pdb
c:\dev\graphics\glutempty\glutempty\glutempty\debug\vc142.idb
c:\dev\graphics\glutempty\glutempty\glutempty\debug\window.obj
c:\dev\graphics\glutempty\glutempty\glutempty\debug\input.obj
c:\dev\graphics\glutempty\glutempty\glutempty\debug\testlayer.obj
c:\dev\graphics\glutempty\glutempty\glutempty\debug\sandbox.obj
c:\dev\graphics\glutempty\glutempty\glutempty\debug\camera.obj
c:\dev\graphics\glutempty\glutempty\glutempty\debug\main.obj
c:\dev\graphics\glutempty\glutempty\glutempty\debug\application.obj
c:\dev\graphics\glutempty\glutempty\glutempty\debug\display.obj
c:\dev\graphics\glutempty\glutempty\glutempty\debug\layerstack.obj
c:\dev\graphics\glutempty\glutempty\glutempty\debug\layer.obj
c:\dev\graphics\glutempty\glutempty\glutempty\debug\orbitalcontrols.obj
c:\dev\graphics\glutempty\glutempty\glutempty\debug\glutempty.pdb
c:\dev\graphics\glutempty\glutempty\glutempty\debug\glutempty.idb
c:\dev\graphics\glutempty\glutempty\debug\glutempty.exe
c:\dev\graphics\glutempty\glutempty\debug\glutempty.pdb
c:\dev\graphics\glutempty\glutempty\glutempty\debug\glutempty.tlog\cl.command.1.tlog
c:\dev\graphics\glutempty\glutempty\glutempty\debug\glutempty.tlog\cl.read.1.tlog
c:\dev\graphics\glutempty\glutempty\glutempty\debug\glutempty.tlog\cl.write.1.tlog
c:\dev\graphics\glutempty\glutempty\glutempty\debug\glutempty.tlog\link.command.1.tlog
c:\dev\graphics\glutempty\glutempty\glutempty\debug\glutempty.tlog\link.read.1.tlog
c:\dev\graphics\glutempty\glutempty\glutempty\debug\glutempty.tlog\link.write.1.tlog
